<?xml version="1.0" encoding="UTF-8"?>
<testsuite xmlns:xsi="http://www.w3.org/2001/XMLSchema-instance" xsi:noNamespaceSchemaLocation="https://maven.apache.org/surefire/maven-surefire-plugin/xsd/surefire-test-report-3.0.xsd" version="3.0" name="ProductServiceTest" time="2.516" tests="6" errors="0" skipped="0" failures="0">
  <properties>
    <property name="java.specification.version" value="21"/>
    <property name="sun.cpu.isalist" value="amd64"/>
    <property name="sun.jnu.encoding" value="Cp1252"/>
    <property name="java.class.path" value="D:\Bogdan\CURS_Factory_IT\proiect final\Java\ProiectFinalX1\target\test-classes;D:\Bogdan\CURS_Factory_IT\proiect final\Java\ProiectFinalX1\target\classes;C:\Users\hosub\.m2\repository\com\mysql\mysql-connector-j\8.0.33\mysql-connector-j-8.0.33.jar;C:\Users\hosub\.m2\repository\com\google\protobuf\protobuf-java\3.21.9\protobuf-java-3.21.9.jar;C:\Users\hosub\.m2\repository\junit\junit\4.13.2\junit-4.13.2.jar;C:\Users\hosub\.m2\repository\org\hamcrest\hamcrest-core\1.3\hamcrest-core-1.3.jar;C:\Users\hosub\.m2\repository\org\junit\jupiter\junit-jupiter\5.11.0-M2\junit-jupiter-5.11.0-M2.jar;C:\Users\hosub\.m2\repository\org\junit\jupiter\junit-jupiter-params\5.11.0-M2\junit-jupiter-params-5.11.0-M2.jar;C:\Users\hosub\.m2\repository\org\junit\jupiter\junit-jupiter-api\5.7.0\junit-jupiter-api-5.7.0.jar;C:\Users\hosub\.m2\repository\org\apiguardian\apiguardian-api\1.1.0\apiguardian-api-1.1.0.jar;C:\Users\hosub\.m2\repository\org\opentest4j\opentest4j\1.2.0\opentest4j-1.2.0.jar;C:\Users\hosub\.m2\repository\org\junit\platform\junit-platform-commons\1.7.0\junit-platform-commons-1.7.0.jar;C:\Users\hosub\.m2\repository\org\junit\jupiter\junit-jupiter-engine\5.7.0\junit-jupiter-engine-5.7.0.jar;C:\Users\hosub\.m2\repository\org\junit\platform\junit-platform-engine\1.7.0\junit-platform-engine-1.7.0.jar;"/>
    <property name="java.vm.vendor" value="Oracle Corporation"/>
    <property name="sun.arch.data.model" value="64"/>
    <property name="user.variant" value=""/>
    <property name="java.vendor.url" value="https://java.oracle.com/"/>
    <property name="user.timezone" value="Europe/Bucharest"/>
    <property name="os.name" value="Windows 11"/>
    <property name="java.vm.specification.version" value="21"/>
    <property name="sun.java.launcher" value="SUN_STANDARD"/>
    <property name="user.country" value="US"/>
    <property name="sun.boot.library.path" value="C:\Users\hosub\.jdks\openjdk-21.0.2\bin"/>
    <property name="sun.java.command" value="C:\Users\hosub\AppData\Local\Temp\surefire5827735237238733350\surefirebooter-20240615141538903_3.jar C:\Users\hosub\AppData\Local\Temp\surefire5827735237238733350 2024-06-15T14-15-38_447-jvmRun1 surefire-20240615141538903_1tmp surefire_0-20240615141538903_2tmp"/>
    <property name="jdk.debug" value="release"/>
    <property name="surefire.test.class.path" value="D:\Bogdan\CURS_Factory_IT\proiect final\Java\ProiectFinalX1\target\test-classes;D:\Bogdan\CURS_Factory_IT\proiect final\Java\ProiectFinalX1\target\classes;C:\Users\hosub\.m2\repository\com\mysql\mysql-connector-j\8.0.33\mysql-connector-j-8.0.33.jar;C:\Users\hosub\.m2\repository\com\google\protobuf\protobuf-java\3.21.9\protobuf-java-3.21.9.jar;C:\Users\hosub\.m2\repository\junit\junit\4.13.2\junit-4.13.2.jar;C:\Users\hosub\.m2\repository\org\hamcrest\hamcrest-core\1.3\hamcrest-core-1.3.jar;C:\Users\hosub\.m2\repository\org\junit\jupiter\junit-jupiter\5.11.0-M2\junit-jupiter-5.11.0-M2.jar;C:\Users\hosub\.m2\repository\org\junit\jupiter\junit-jupiter-params\5.11.0-M2\junit-jupiter-params-5.11.0-M2.jar;C:\Users\hosub\.m2\repository\org\junit\jupiter\junit-jupiter-api\5.7.0\junit-jupiter-api-5.7.0.jar;C:\Users\hosub\.m2\repository\org\apiguardian\apiguardian-api\1.1.0\apiguardian-api-1.1.0.jar;C:\Users\hosub\.m2\repository\org\opentest4j\opentest4j\1.2.0\opentest4j-1.2.0.jar;C:\Users\hosub\.m2\repository\org\junit\platform\junit-platform-commons\1.7.0\junit-platform-commons-1.7.0.jar;C:\Users\hosub\.m2\repository\org\junit\jupiter\junit-jupiter-engine\5.7.0\junit-jupiter-engine-5.7.0.jar;C:\Users\hosub\.m2\repository\org\junit\platform\junit-platform-engine\1.7.0\junit-platform-engine-1.7.0.jar;"/>
    <property name="sun.cpu.endian" value="little"/>
    <property name="user.home" value="C:\Users\hosub"/>
    <property name="user.language" value="en"/>
    <property name="java.specification.vendor" value="Oracle Corporation"/>
    <property name="java.version.date" value="2024-01-16"/>
    <property name="java.home" value="C:\Users\hosub\.jdks\openjdk-21.0.2"/>
    <property name="file.separator" value="\"/>
    <property name="basedir" value="D:\Bogdan\CURS_Factory_IT\proiect final\Java\ProiectFinalX1"/>
    <property name="java.vm.compressedOopsMode" value="32-bit"/>
    <property name="line.separator" value="&#10;"/>
    <property name="java.vm.specification.vendor" value="Oracle Corporation"/>
    <property name="java.specification.name" value="Java Platform API Specification"/>
    <property name="surefire.real.class.path" value="C:\Users\hosub\AppData\Local\Temp\surefire5827735237238733350\surefirebooter-20240615141538903_3.jar"/>
    <property name="user.script" value=""/>
    <property name="sun.management.compiler" value="HotSpot 64-Bit Tiered Compilers"/>
    <property name="java.runtime.version" value="21.0.2+13-58"/>
    <property name="user.name" value="hosub"/>
    <property name="stdout.encoding" value="Cp1252"/>
    <property name="path.separator" value=";"/>
    <property name="os.version" value="10.0"/>
    <property name="java.runtime.name" value="OpenJDK Runtime Environment"/>
    <property name="file.encoding" value="UTF-8"/>
    <property name="java.vm.name" value="OpenJDK 64-Bit Server VM"/>
    <property name="localRepository" value="C:\Users\hosub\.m2\repository"/>
    <property name="java.vendor.url.bug" value="https://bugreport.java.com/bugreport/"/>
    <property name="java.io.tmpdir" value="C:\Users\hosub\AppData\Local\Temp\"/>
    <property name="idea.version" value="2024.1.2"/>
    <property name="java.version" value="21.0.2"/>
    <property name="user.dir" value="D:\Bogdan\CURS_Factory_IT\proiect final\Java\ProiectFinalX1"/>
    <property name="os.arch" value="amd64"/>
    <property name="java.vm.specification.name" value="Java Virtual Machine Specification"/>
    <property name="sun.os.patch.level" value=""/>
    <property name="native.encoding" value="Cp1252"/>
    <property name="java.library.path" value="C:\Users\hosub\.jdks\openjdk-21.0.2\bin;C:\WINDOWS\Sun\Java\bin;C:\WINDOWS\system32;C:\WINDOWS;C:\Program Files (x86)\Common Files\Oracle\Java\java8path;C:\Program Files (x86)\Common Files\Oracle\Java\javapath;C:\Program Files\MySQL\MySQL Shell 8.0\bin\;C:\Program Files\Java\jdk-21\bin;C:\Users\hosub\AppData\Local\Programs\Python\Python312\;C:\Users\hosub\AppData\Local\Microsoft\WindowsApps;C:\Program Files\JetBrains\IntelliJ IDEA Community Edition 2023.2.5\bin;C:\Program Files\JetBrains\PyCharm Community Edition 2023.2.4\bin;C:\Program Files\Git\cmd;C:\Program Files\MySQL\MySQL Shell 8.0\bin\;C:\Program Files\Java\jdk-21\bin;C:\Users\hosub\AppData\Local\Programs\Python\Python312\;C:\Users\hosub\AppData\Local\Microsoft\WindowsApps;C:\Program Files\JetBrains\IntelliJ IDEA Community Edition 2023.2.5\bin;;C:\Program Files\JetBrains\PyCharm Community Edition 2023.2.4\bin;;C:\Users\hosub\AppData\Local\GitHubDesktop\bin;C:\Users\hosub\AppData\Local\Programs\Microsoft VS Code\bin;."/>
    <property name="java.vm.info" value="mixed mode, sharing"/>
    <property name="stderr.encoding" value="Cp1252"/>
    <property name="java.vendor" value="Oracle Corporation"/>
    <property name="java.vm.version" value="21.0.2+13-58"/>
    <property name="sun.io.unicode.encoding" value="UnicodeLittle"/>
    <property name="java.class.version" value="65.0"/>
  </properties>
  <testcase name="testUpdateProductPrice" classname="ProductServiceTest" time="1.593">
    <system-out><![CDATA[All products deleted successfully.
Added product: Product{id=4500000, name='TestProduct', price=10.0, quantity=100, origin='TestOrigin'}
Updated product: Product{id=4500000, name='TestProduct', price=15.0, quantity=100, origin='TestOrigin'}
All products deleted successfully.
]]></system-out>
  </testcase>
  <testcase name="testRemoveProduct" classname="ProductServiceTest" time="0.155">
    <system-out><![CDATA[All products deleted successfully.
Added product: Product{id=1, name='TestProduct', price=10.0, quantity=100, origin='TestOrigin'}
Product exists after removal: false
All products deleted successfully.
]]></system-out>
  </testcase>
  <testcase name="testUpdateProductQuantity" classname="ProductServiceTest" time="0.218">
    <system-out><![CDATA[All products deleted successfully.
Added product: Product{id=1, name='TestProduct', price=10.0, quantity=100, origin='TestOrigin'}
Updated product: Product{id=1, name='TestProduct', price=10.0, quantity=200, origin='TestOrigin'}
Product{id=1, name='TestProduct', price=10.0, quantity=200, origin='TestOrigin'}
All products deleted successfully.
]]></system-out>
  </testcase>
  <testcase name="testAddProduct" classname="ProductServiceTest" time="0.14">
    <system-out><![CDATA[All products deleted successfully.
Added product: Product{id=1, name='TestProduct', price=10.0, quantity=100, origin='TestOrigin'}
All products deleted successfully.
]]></system-out>
  </testcase>
  <testcase name="testDeleteAllProducts" classname="ProductServiceTest" time="0.205">
    <system-out><![CDATA[All products deleted successfully.
Added products:
Product{id=1, name='TestProduct1', price=10.0, quantity=100, origin='TestOrigin1'}
Product{id=2, name='TestProduct2', price=20.0, quantity=200, origin='TestOrigin2'}
All products deleted successfully.
Product 1 exists after deletion: false
Product 2 exists after deletion: false
All products deleted successfully.
]]></system-out>
  </testcase>
  <testcase name="testDisplayProducts" classname="ProductServiceTest" time="0.162">
    <system-out><![CDATA[All products deleted successfully.
]]></system-out>
  </testcase>
</testsuite>